============= BUILDING STARTED ============
  Project: projekat_model3
===========================================
Compiling .c files...
C:/materija/ra94-2013/aadsp2/projekatAADSP2/projekat_model3/src/main.cpp
C:/CirrusDSP/bin/ccc2 C:/materija/ra94-2013/aadsp2/projekatAADSP2/projekat_model3/src/main.cpp
 -S
 -ruf
 -fcse
 -fprc
 -fcompact
 -funsafe-loop-optimizations
 -g
 -edi
 -emit-hints
 -ira
 -fconst-pool=X
 -fno0init
 -femit-asm-struct
 -cdl
 -D_TOOLS_VERSION_=0x0701
 -D_SLOT_=0
 -D_OVLY_=standalone
 -D_OVLY_REVISION_=020000
 -D_VERSION_=00
 -D_DSP_=a
 -D_COMMON_INC_PATH_=C:/CirrusDSP/crystal32/common/inc/
 -D_TARGET_FAMILY_=crystal32
 -D_MUI_VERSION_=020000
 -IC:/CirrusDSP/include/
 -IC:/CirrusDSP/include/dsplib/
 -IC:/materija/ra94-2013/aadsp2/projekatAADSP2/projekat_model3/inc/
 -oC:/materija/ra94-2013/aadsp2/projekatAADSP2/projekat_model3/output/standalone/src/main.s
 -D_LOCAL_SRC_PATH_=src/
 -D_LOCAL_INC_PATH_=inc/
 -D_ROUTER_INC_PATH_=rom_inc/
     [exec] "C:/CirrusDSP/include/stdio.h", line 8: warning #1108: #warning directive: Functionality of stdio.h header file is not fully supported
     [exec]   #warning Functionality of stdio.h header file is not fully supported
     [exec]    ^
     [exec] 
     [exec] "C:/CirrusDSP/include/string.h", line 8: warning #1108: #warning directive: Functionality of string.h header file is not fully supported
     [exec]   #warning Functionality of string.h header file is not fully supported
     [exec]    ^
     [exec] 
     [exec] "C:/CirrusDSP/include/string.h", line 13: warning #303: typedef name has already been declared (with same type)
     [exec]   typedef unsigned int size_t;
     [exec]                        ^
     [exec] 
     [exec] "C:/materija/ra94-2013/aadsp2/projekatAADSP2/projekat_model3/inc/common.h", line 20: error #20: identifier "long_accum" is undefined
     [exec]   typedef long_accum DSPac
     [exec] cum;			/* DSP fixed-point fractional */
     [exec]           ^
     [exec] 
     [exec] WARNING: '-unsafe-loop-optimization' is ignored when '-g' option is used!

BUILD FAILED
C:\materija\ra94-2013\aadsp2\projekatAADSP2\projekat_model3\output\standalone\standalone.build.xml:6: exec returned: 1

Total time: 0 seconds
